[2021-10-03 00:17:49] local.ERROR: Method Illuminate\Database\Eloquent\Collection::latest does not exist. {"exception":"[object] (BadMethodCallException(code: 0): Method Illuminate\\Database\\Eloquent\\Collection::latest does not exist. at /opt/lampp/htdocs/lumen/vendor/illuminate/macroable/Traits/Macroable.php:103)
[stacktrace]
#0 /opt/lampp/htdocs/lumen/app/Http/Controllers/CategoryController.php(12): Illuminate\\Support\\Collection->__call()
#1 /opt/lampp/htdocs/lumen/vendor/illuminate/container/BoundMethod.php(36): App\\Http\\Controllers\\CategoryController->index()
#2 /opt/lampp/htdocs/lumen/vendor/illuminate/container/Util.php(40): Illuminate\\Container\\BoundMethod::Illuminate\\Container\\{closure}()
#3 /opt/lampp/htdocs/lumen/vendor/illuminate/container/BoundMethod.php(93): Illuminate\\Container\\Util::unwrapIfClosure()
#4 /opt/lampp/htdocs/lumen/vendor/illuminate/container/BoundMethod.php(37): Illuminate\\Container\\BoundMethod::callBoundMethod()
#5 /opt/lampp/htdocs/lumen/vendor/illuminate/container/Container.php(653): Illuminate\\Container\\BoundMethod::call()
#6 /opt/lampp/htdocs/lumen/vendor/laravel/lumen-framework/src/Concerns/RoutesRequests.php(389): Illuminate\\Container\\Container->call()
#7 /opt/lampp/htdocs/lumen/vendor/laravel/lumen-framework/src/Concerns/RoutesRequests.php(355): Laravel\\Lumen\\Application->callControllerCallable()
#8 /opt/lampp/htdocs/lumen/vendor/laravel/lumen-framework/src/Concerns/RoutesRequests.php(329): Laravel\\Lumen\\Application->callLumenController()
#9 /opt/lampp/htdocs/lumen/vendor/laravel/lumen-framework/src/Concerns/RoutesRequests.php(282): Laravel\\Lumen\\Application->callControllerAction()
#10 /opt/lampp/htdocs/lumen/vendor/laravel/lumen-framework/src/Concerns/RoutesRequests.php(267): Laravel\\Lumen\\Application->callActionOnArrayBasedRoute()
#11 /opt/lampp/htdocs/lumen/vendor/laravel/lumen-framework/src/Concerns/RoutesRequests.php(169): Laravel\\Lumen\\Application->handleFoundRoute()
#12 /opt/lampp/htdocs/lumen/vendor/laravel/lumen-framework/src/Concerns/RoutesRequests.php(429): Laravel\\Lumen\\Application->Laravel\\Lumen\\Concerns\\{closure}()
#13 /opt/lampp/htdocs/lumen/vendor/laravel/lumen-framework/src/Concerns/RoutesRequests.php(175): Laravel\\Lumen\\Application->sendThroughPipeline()
#14 /opt/lampp/htdocs/lumen/vendor/laravel/lumen-framework/src/Concerns/RoutesRequests.php(112): Laravel\\Lumen\\Application->dispatch()
#15 /opt/lampp/htdocs/lumen/public/index.php(28): Laravel\\Lumen\\Application->run()
#16 {main}
"} 
[2021-10-03 00:19:14] local.ERROR: Call to undefined method Illuminate\Database\Eloquent\Builder::all() {"exception":"[object] (BadMethodCallException(code: 0): Call to undefined method Illuminate\\Database\\Eloquent\\Builder::all() at /opt/lampp/htdocs/lumen/vendor/illuminate/support/Traits/ForwardsCalls.php:71)
[stacktrace]
#0 /opt/lampp/htdocs/lumen/vendor/illuminate/support/Traits/ForwardsCalls.php(36): Illuminate\\Database\\Eloquent\\Builder::throwBadMethodCallException()
#1 /opt/lampp/htdocs/lumen/vendor/illuminate/database/Eloquent/Builder.php(1644): Illuminate\\Database\\Eloquent\\Builder->forwardCallTo()
#2 /opt/lampp/htdocs/lumen/app/Http/Controllers/CategoryController.php(12): Illuminate\\Database\\Eloquent\\Builder->__call()
#3 /opt/lampp/htdocs/lumen/vendor/illuminate/container/BoundMethod.php(36): App\\Http\\Controllers\\CategoryController->index()
#4 /opt/lampp/htdocs/lumen/vendor/illuminate/container/Util.php(40): Illuminate\\Container\\BoundMethod::Illuminate\\Container\\{closure}()
#5 /opt/lampp/htdocs/lumen/vendor/illuminate/container/BoundMethod.php(93): Illuminate\\Container\\Util::unwrapIfClosure()
#6 /opt/lampp/htdocs/lumen/vendor/illuminate/container/BoundMethod.php(37): Illuminate\\Container\\BoundMethod::callBoundMethod()
#7 /opt/lampp/htdocs/lumen/vendor/illuminate/container/Container.php(653): Illuminate\\Container\\BoundMethod::call()
#8 /opt/lampp/htdocs/lumen/vendor/laravel/lumen-framework/src/Concerns/RoutesRequests.php(389): Illuminate\\Container\\Container->call()
#9 /opt/lampp/htdocs/lumen/vendor/laravel/lumen-framework/src/Concerns/RoutesRequests.php(355): Laravel\\Lumen\\Application->callControllerCallable()
#10 /opt/lampp/htdocs/lumen/vendor/laravel/lumen-framework/src/Concerns/RoutesRequests.php(329): Laravel\\Lumen\\Application->callLumenController()
#11 /opt/lampp/htdocs/lumen/vendor/laravel/lumen-framework/src/Concerns/RoutesRequests.php(282): Laravel\\Lumen\\Application->callControllerAction()
#12 /opt/lampp/htdocs/lumen/vendor/laravel/lumen-framework/src/Concerns/RoutesRequests.php(267): Laravel\\Lumen\\Application->callActionOnArrayBasedRoute()
#13 /opt/lampp/htdocs/lumen/vendor/laravel/lumen-framework/src/Concerns/RoutesRequests.php(169): Laravel\\Lumen\\Application->handleFoundRoute()
#14 /opt/lampp/htdocs/lumen/vendor/laravel/lumen-framework/src/Concerns/RoutesRequests.php(429): Laravel\\Lumen\\Application->Laravel\\Lumen\\Concerns\\{closure}()
#15 /opt/lampp/htdocs/lumen/vendor/laravel/lumen-framework/src/Concerns/RoutesRequests.php(175): Laravel\\Lumen\\Application->sendThroughPipeline()
#16 /opt/lampp/htdocs/lumen/vendor/laravel/lumen-framework/src/Concerns/RoutesRequests.php(112): Laravel\\Lumen\\Application->dispatch()
#17 /opt/lampp/htdocs/lumen/public/index.php(28): Laravel\\Lumen\\Application->run()
#18 {main}
"} 
[2021-10-03 01:05:35] local.ERROR: Cannot modify header information - headers already sent by (output started at /opt/lampp/htdocs/lumen/vendor/symfony/http-foundation/Response.php:381) {"exception":"[object] (ErrorException(code: 0): Cannot modify header information - headers already sent by (output started at /opt/lampp/htdocs/lumen/vendor/symfony/http-foundation/Response.php:381) at /opt/lampp/htdocs/lumen/public/index.php:30)
[stacktrace]
#0 [internal function]: Laravel\\Lumen\\Application->Laravel\\Lumen\\Concerns\\{closure}()
#1 /opt/lampp/htdocs/lumen/public/index.php(30): header()
#2 {main}
"} 
[2021-10-03 01:05:49] local.ERROR: Cannot modify header information - headers already sent by (output started at /opt/lampp/htdocs/lumen/vendor/symfony/http-foundation/Response.php:381) {"exception":"[object] (ErrorException(code: 0): Cannot modify header information - headers already sent by (output started at /opt/lampp/htdocs/lumen/vendor/symfony/http-foundation/Response.php:381) at /opt/lampp/htdocs/lumen/public/index.php:30)
[stacktrace]
#0 [internal function]: Laravel\\Lumen\\Application->Laravel\\Lumen\\Concerns\\{closure}()
#1 /opt/lampp/htdocs/lumen/public/index.php(30): header()
#2 {main}
"} 
[2021-10-03 01:06:02] local.ERROR: Cannot modify header information - headers already sent by (output started at /opt/lampp/htdocs/lumen/vendor/symfony/http-foundation/Response.php:381) {"exception":"[object] (ErrorException(code: 0): Cannot modify header information - headers already sent by (output started at /opt/lampp/htdocs/lumen/vendor/symfony/http-foundation/Response.php:381) at /opt/lampp/htdocs/lumen/public/index.php:30)
[stacktrace]
#0 [internal function]: Laravel\\Lumen\\Application->Laravel\\Lumen\\Concerns\\{closure}()
#1 /opt/lampp/htdocs/lumen/public/index.php(30): header()
#2 {main}
"} 
[2021-10-03 02:46:49] local.ERROR: SQLSTATE[23000]: Integrity constraint violation: 1048 Column 'author' cannot be null (SQL: insert into `news` (`title`, `description`, `author`, `image`, `category_id`, `updated_at`, `created_at`) values (test, demo, ?, ?, ?, 2021-10-03 02:46:49, 2021-10-03 02:46:49)) {"exception":"[object] (Illuminate\\Database\\QueryException(code: 23000): SQLSTATE[23000]: Integrity constraint violation: 1048 Column 'author' cannot be null (SQL: insert into `news` (`title`, `description`, `author`, `image`, `category_id`, `updated_at`, `created_at`) values (test, demo, ?, ?, ?, 2021-10-03 02:46:49, 2021-10-03 02:46:49)) at /opt/lampp/htdocs/lumen/vendor/illuminate/database/Connection.php:703)
[stacktrace]
#0 /opt/lampp/htdocs/lumen/vendor/illuminate/database/Connection.php(663): Illuminate\\Database\\Connection->runQueryCallback()
#1 /opt/lampp/htdocs/lumen/vendor/illuminate/database/Connection.php(493): Illuminate\\Database\\Connection->run()
#2 /opt/lampp/htdocs/lumen/vendor/illuminate/database/Connection.php(445): Illuminate\\Database\\Connection->statement()
#3 /opt/lampp/htdocs/lumen/vendor/illuminate/database/Query/Processors/Processor.php(32): Illuminate\\Database\\Connection->insert()
#4 /opt/lampp/htdocs/lumen/vendor/illuminate/database/Query/Builder.php(2964): Illuminate\\Database\\Query\\Processors\\Processor->processInsertGetId()
#5 /opt/lampp/htdocs/lumen/vendor/illuminate/database/Eloquent/Builder.php(1641): Illuminate\\Database\\Query\\Builder->insertGetId()
#6 /opt/lampp/htdocs/lumen/vendor/illuminate/database/Eloquent/Model.php(1180): Illuminate\\Database\\Eloquent\\Builder->__call()
#7 /opt/lampp/htdocs/lumen/vendor/illuminate/database/Eloquent/Model.php(1145): Illuminate\\Database\\Eloquent\\Model->insertAndSetId()
#8 /opt/lampp/htdocs/lumen/vendor/illuminate/database/Eloquent/Model.php(986): Illuminate\\Database\\Eloquent\\Model->performInsert()
#9 /opt/lampp/htdocs/lumen/app/Http/Controllers/NewsController.php(39): Illuminate\\Database\\Eloquent\\Model->save()
#10 /opt/lampp/htdocs/lumen/vendor/illuminate/container/BoundMethod.php(36): App\\Http\\Controllers\\NewsController->store()
#11 /opt/lampp/htdocs/lumen/vendor/illuminate/container/Util.php(40): Illuminate\\Container\\BoundMethod::Illuminate\\Container\\{closure}()
#12 /opt/lampp/htdocs/lumen/vendor/illuminate/container/BoundMethod.php(93): Illuminate\\Container\\Util::unwrapIfClosure()
#13 /opt/lampp/htdocs/lumen/vendor/illuminate/container/BoundMethod.php(37): Illuminate\\Container\\BoundMethod::callBoundMethod()
#14 /opt/lampp/htdocs/lumen/vendor/illuminate/container/Container.php(653): Illuminate\\Container\\BoundMethod::call()
#15 /opt/lampp/htdocs/lumen/vendor/laravel/lumen-framework/src/Concerns/RoutesRequests.php(389): Illuminate\\Container\\Container->call()
#16 /opt/lampp/htdocs/lumen/vendor/laravel/lumen-framework/src/Concerns/RoutesRequests.php(355): Laravel\\Lumen\\Application->callControllerCallable()
#17 /opt/lampp/htdocs/lumen/vendor/laravel/lumen-framework/src/Concerns/RoutesRequests.php(329): Laravel\\Lumen\\Application->callLumenController()
#18 /opt/lampp/htdocs/lumen/vendor/laravel/lumen-framework/src/Concerns/RoutesRequests.php(282): Laravel\\Lumen\\Application->callControllerAction()
#19 /opt/lampp/htdocs/lumen/vendor/laravel/lumen-framework/src/Concerns/RoutesRequests.php(267): Laravel\\Lumen\\Application->callActionOnArrayBasedRoute()
#20 /opt/lampp/htdocs/lumen/vendor/laravel/lumen-framework/src/Concerns/RoutesRequests.php(169): Laravel\\Lumen\\Application->handleFoundRoute()
#21 /opt/lampp/htdocs/lumen/vendor/laravel/lumen-framework/src/Routing/Pipeline.php(48): Laravel\\Lumen\\Application->Laravel\\Lumen\\Concerns\\{closure}()
#22 /opt/lampp/htdocs/lumen/app/Http/Middleware/CorsMiddleware.php(30): Laravel\\Lumen\\Routing\\Pipeline->Laravel\\Lumen\\Routing\\{closure}()
#23 /opt/lampp/htdocs/lumen/vendor/illuminate/pipeline/Pipeline.php(167): App\\Http\\Middleware\\CorsMiddleware->handle()
#24 /opt/lampp/htdocs/lumen/vendor/laravel/lumen-framework/src/Routing/Pipeline.php(30): Illuminate\\Pipeline\\Pipeline->Illuminate\\Pipeline\\{closure}()
#25 /opt/lampp/htdocs/lumen/vendor/illuminate/pipeline/Pipeline.php(103): Laravel\\Lumen\\Routing\\Pipeline->Laravel\\Lumen\\Routing\\{closure}()
#26 /opt/lampp/htdocs/lumen/vendor/laravel/lumen-framework/src/Concerns/RoutesRequests.php(426): Illuminate\\Pipeline\\Pipeline->then()
#27 /opt/lampp/htdocs/lumen/vendor/laravel/lumen-framework/src/Concerns/RoutesRequests.php(175): Laravel\\Lumen\\Application->sendThroughPipeline()
#28 /opt/lampp/htdocs/lumen/vendor/laravel/lumen-framework/src/Concerns/RoutesRequests.php(112): Laravel\\Lumen\\Application->dispatch()
#29 /opt/lampp/htdocs/lumen/public/index.php(28): Laravel\\Lumen\\Application->run()
#30 {main}

[previous exception] [object] (PDOException(code: 23000): SQLSTATE[23000]: Integrity constraint violation: 1048 Column 'author' cannot be null at /opt/lampp/htdocs/lumen/vendor/illuminate/database/Connection.php:492)
[stacktrace]
#0 /opt/lampp/htdocs/lumen/vendor/illuminate/database/Connection.php(492): PDOStatement->execute()
#1 /opt/lampp/htdocs/lumen/vendor/illuminate/database/Connection.php(696): Illuminate\\Database\\Connection->Illuminate\\Database\\{closure}()
#2 /opt/lampp/htdocs/lumen/vendor/illuminate/database/Connection.php(663): Illuminate\\Database\\Connection->runQueryCallback()
#3 /opt/lampp/htdocs/lumen/vendor/illuminate/database/Connection.php(493): Illuminate\\Database\\Connection->run()
#4 /opt/lampp/htdocs/lumen/vendor/illuminate/database/Connection.php(445): Illuminate\\Database\\Connection->statement()
#5 /opt/lampp/htdocs/lumen/vendor/illuminate/database/Query/Processors/Processor.php(32): Illuminate\\Database\\Connection->insert()
#6 /opt/lampp/htdocs/lumen/vendor/illuminate/database/Query/Builder.php(2964): Illuminate\\Database\\Query\\Processors\\Processor->processInsertGetId()
#7 /opt/lampp/htdocs/lumen/vendor/illuminate/database/Eloquent/Builder.php(1641): Illuminate\\Database\\Query\\Builder->insertGetId()
#8 /opt/lampp/htdocs/lumen/vendor/illuminate/database/Eloquent/Model.php(1180): Illuminate\\Database\\Eloquent\\Builder->__call()
#9 /opt/lampp/htdocs/lumen/vendor/illuminate/database/Eloquent/Model.php(1145): Illuminate\\Database\\Eloquent\\Model->insertAndSetId()
#10 /opt/lampp/htdocs/lumen/vendor/illuminate/database/Eloquent/Model.php(986): Illuminate\\Database\\Eloquent\\Model->performInsert()
#11 /opt/lampp/htdocs/lumen/app/Http/Controllers/NewsController.php(39): Illuminate\\Database\\Eloquent\\Model->save()
#12 /opt/lampp/htdocs/lumen/vendor/illuminate/container/BoundMethod.php(36): App\\Http\\Controllers\\NewsController->store()
#13 /opt/lampp/htdocs/lumen/vendor/illuminate/container/Util.php(40): Illuminate\\Container\\BoundMethod::Illuminate\\Container\\{closure}()
#14 /opt/lampp/htdocs/lumen/vendor/illuminate/container/BoundMethod.php(93): Illuminate\\Container\\Util::unwrapIfClosure()
#15 /opt/lampp/htdocs/lumen/vendor/illuminate/container/BoundMethod.php(37): Illuminate\\Container\\BoundMethod::callBoundMethod()
#16 /opt/lampp/htdocs/lumen/vendor/illuminate/container/Container.php(653): Illuminate\\Container\\BoundMethod::call()
#17 /opt/lampp/htdocs/lumen/vendor/laravel/lumen-framework/src/Concerns/RoutesRequests.php(389): Illuminate\\Container\\Container->call()
#18 /opt/lampp/htdocs/lumen/vendor/laravel/lumen-framework/src/Concerns/RoutesRequests.php(355): Laravel\\Lumen\\Application->callControllerCallable()
#19 /opt/lampp/htdocs/lumen/vendor/laravel/lumen-framework/src/Concerns/RoutesRequests.php(329): Laravel\\Lumen\\Application->callLumenController()
#20 /opt/lampp/htdocs/lumen/vendor/laravel/lumen-framework/src/Concerns/RoutesRequests.php(282): Laravel\\Lumen\\Application->callControllerAction()
#21 /opt/lampp/htdocs/lumen/vendor/laravel/lumen-framework/src/Concerns/RoutesRequests.php(267): Laravel\\Lumen\\Application->callActionOnArrayBasedRoute()
#22 /opt/lampp/htdocs/lumen/vendor/laravel/lumen-framework/src/Concerns/RoutesRequests.php(169): Laravel\\Lumen\\Application->handleFoundRoute()
#23 /opt/lampp/htdocs/lumen/vendor/laravel/lumen-framework/src/Routing/Pipeline.php(48): Laravel\\Lumen\\Application->Laravel\\Lumen\\Concerns\\{closure}()
#24 /opt/lampp/htdocs/lumen/app/Http/Middleware/CorsMiddleware.php(30): Laravel\\Lumen\\Routing\\Pipeline->Laravel\\Lumen\\Routing\\{closure}()
#25 /opt/lampp/htdocs/lumen/vendor/illuminate/pipeline/Pipeline.php(167): App\\Http\\Middleware\\CorsMiddleware->handle()
#26 /opt/lampp/htdocs/lumen/vendor/laravel/lumen-framework/src/Routing/Pipeline.php(30): Illuminate\\Pipeline\\Pipeline->Illuminate\\Pipeline\\{closure}()
#27 /opt/lampp/htdocs/lumen/vendor/illuminate/pipeline/Pipeline.php(103): Laravel\\Lumen\\Routing\\Pipeline->Laravel\\Lumen\\Routing\\{closure}()
#28 /opt/lampp/htdocs/lumen/vendor/laravel/lumen-framework/src/Concerns/RoutesRequests.php(426): Illuminate\\Pipeline\\Pipeline->then()
#29 /opt/lampp/htdocs/lumen/vendor/laravel/lumen-framework/src/Concerns/RoutesRequests.php(175): Laravel\\Lumen\\Application->sendThroughPipeline()
#30 /opt/lampp/htdocs/lumen/vendor/laravel/lumen-framework/src/Concerns/RoutesRequests.php(112): Laravel\\Lumen\\Application->dispatch()
#31 /opt/lampp/htdocs/lumen/public/index.php(28): Laravel\\Lumen\\Application->run()
#32 {main}
"} 
